<?xml version="1.0" encoding="UTF-8"?>
<testsuite xmlns:xsi="http://www.w3.org/2001/XMLSchema-instance" xsi:noNamespaceSchemaLocation="https://maven.apache.org/surefire/maven-surefire-plugin/xsd/surefire-test-report.xsd" name="com.globant.AppTest" time="0.624" tests="1" errors="0" skipped="0" failures="0">
  <properties>
    <property name="java.specification.version" value="14"/>
    <property name="sun.cpu.isalist" value="amd64"/>
    <property name="sun.jnu.encoding" value="Cp1252"/>
    <property name="java.class.path" value="C:\Users\pilar.montes\Desktop\BootcampTAE\WebAutomation-SesionA9Abril\Taller1Web\WebAutomation\target\test-classes;C:\Users\pilar.montes\Desktop\BootcampTAE\WebAutomation-SesionA9Abril\Taller1Web\WebAutomation\target\classes;C:\Users\pilar.montes\.m2\repository\junit\junit\4.11\junit-4.11.jar;C:\Users\pilar.montes\.m2\repository\org\hamcrest\hamcrest-core\1.3\hamcrest-core-1.3.jar;C:\Users\pilar.montes\.m2\repository\org\testng\testng\7.1.0\testng-7.1.0.jar;C:\Users\pilar.montes\.m2\repository\com\beust\jcommander\1.72\jcommander-1.72.jar;C:\Users\pilar.montes\.m2\repository\com\google\inject\guice\4.1.0\guice-4.1.0-no_aop.jar;C:\Users\pilar.montes\.m2\repository\javax\inject\javax.inject\1\javax.inject-1.jar;C:\Users\pilar.montes\.m2\repository\aopalliance\aopalliance\1.0\aopalliance-1.0.jar;C:\Users\pilar.montes\.m2\repository\com\google\guava\guava\19.0\guava-19.0.jar;C:\Users\pilar.montes\.m2\repository\org\yaml\snakeyaml\1.21\snakeyaml-1.21.jar;"/>
    <property name="java.vm.vendor" value="Oracle Corporation"/>
    <property name="sun.arch.data.model" value="64"/>
    <property name="user.variant" value=""/>
    <property name="java.vendor.url" value="https://java.oracle.com/"/>
    <property name="user.timezone" value="America/Bogota"/>
    <property name="user.country.format" value="CO"/>
    <property name="os.name" value="Windows 10"/>
    <property name="java.vm.specification.version" value="14"/>
    <property name="sun.java.launcher" value="SUN_STANDARD"/>
    <property name="user.country" value="US"/>
    <property name="sun.boot.library.path" value="C:\Program Files\Java\jdk-14.0.1\bin"/>
    <property name="sun.java.command" value="C:\Users\PILAR~1.MON\AppData\Local\Temp\surefire10678056651483528313\surefirebooter9685895847315189967.jar C:\Users\pilar.montes\AppData\Local\Temp\surefire10678056651483528313 2021-04-10T13-26-23_214-jvmRun1 surefire2318829474050698776tmp surefire_014446540125281916811tmp"/>
    <property name="jdk.debug" value="release"/>
    <property name="surefire.test.class.path" value="C:\Users\pilar.montes\Desktop\BootcampTAE\WebAutomation-SesionA9Abril\Taller1Web\WebAutomation\target\test-classes;C:\Users\pilar.montes\Desktop\BootcampTAE\WebAutomation-SesionA9Abril\Taller1Web\WebAutomation\target\classes;C:\Users\pilar.montes\.m2\repository\junit\junit\4.11\junit-4.11.jar;C:\Users\pilar.montes\.m2\repository\org\hamcrest\hamcrest-core\1.3\hamcrest-core-1.3.jar;C:\Users\pilar.montes\.m2\repository\org\testng\testng\7.1.0\testng-7.1.0.jar;C:\Users\pilar.montes\.m2\repository\com\beust\jcommander\1.72\jcommander-1.72.jar;C:\Users\pilar.montes\.m2\repository\com\google\inject\guice\4.1.0\guice-4.1.0-no_aop.jar;C:\Users\pilar.montes\.m2\repository\javax\inject\javax.inject\1\javax.inject-1.jar;C:\Users\pilar.montes\.m2\repository\aopalliance\aopalliance\1.0\aopalliance-1.0.jar;C:\Users\pilar.montes\.m2\repository\com\google\guava\guava\19.0\guava-19.0.jar;C:\Users\pilar.montes\.m2\repository\org\yaml\snakeyaml\1.21\snakeyaml-1.21.jar;"/>
    <property name="sun.cpu.endian" value="little"/>
    <property name="user.home" value="C:\Users\pilar.montes"/>
    <property name="user.language" value="en"/>
    <property name="java.specification.vendor" value="Oracle Corporation"/>
    <property name="java.version.date" value="2020-04-14"/>
    <property name="java.home" value="C:\Program Files\Java\jdk-14.0.1"/>
    <property name="file.separator" value="\"/>
    <property name="basedir" value="C:\Users\pilar.montes\Desktop\BootcampTAE\WebAutomation-SesionA9Abril\Taller1Web\WebAutomation"/>
    <property name="java.vm.compressedOopsMode" value="Zero based"/>
    <property name="line.separator" value="&#10;"/>
    <property name="java.vm.specification.vendor" value="Oracle Corporation"/>
    <property name="java.specification.name" value="Java Platform API Specification"/>
    <property name="surefire.real.class.path" value="C:\Users\PILAR~1.MON\AppData\Local\Temp\surefire10678056651483528313\surefirebooter9685895847315189967.jar"/>
    <property name="user.script" value=""/>
    <property name="sun.management.compiler" value="HotSpot 64-Bit Tiered Compilers"/>
    <property name="java.runtime.version" value="14.0.1+7"/>
    <property name="user.name" value="pilar.montes"/>
    <property name="path.separator" value=";"/>
    <property name="os.version" value="10.0"/>
    <property name="java.runtime.name" value="Java(TM) SE Runtime Environment"/>
    <property name="file.encoding" value="Cp1252"/>
    <property name="java.vm.name" value="Java HotSpot(TM) 64-Bit Server VM"/>
    <property name="localRepository" value="C:\Users\pilar.montes\.m2\repository"/>
    <property name="java.vendor.url.bug" value="https://bugreport.java.com/bugreport/"/>
    <property name="java.io.tmpdir" value="C:\Users\PILAR~1.MON\AppData\Local\Temp\"/>
    <property name="java.version" value="14.0.1"/>
    <property name="user.dir" value="C:\Users\pilar.montes\Desktop\BootcampTAE\WebAutomation-SesionA9Abril\Taller1Web\WebAutomation"/>
    <property name="os.arch" value="amd64"/>
    <property name="java.vm.specification.name" value="Java Virtual Machine Specification"/>
    <property name="user.language.format" value="es"/>
    <property name="sun.os.patch.level" value=""/>
    <property name="java.library.path" value="C:\Program Files\Java\jdk-14.0.1\bin;C:\WINDOWS\Sun\Java\bin;C:\WINDOWS\system32;C:\WINDOWS;C:\Users\pilar.montes\bin;C:\Program Files\Git\mingw64\bin;C:\Program Files\Git\usr\local\bin;C:\Program Files\Git\usr\bin;C:\Program Files\Git\usr\bin;C:\Program Files\Git\mingw64\bin;C:\Program Files\Git\usr\bin;C:\Users\pilar.montes\bin;C:\WINDOWS\system32;C:\WINDOWS;C:\WINDOWS\System32\Wbem;C:\WINDOWS\System32\WindowsPowerShell\v1.0;C:\Program Files\TortoiseSVN\bin;C:\WINDOWS\System32\OpenSSH;%MAVEN_HOME%\bin;C:\Program Files\Java\jdk-14.0.1\bin;C:\Program Files\dotnet;C:\Program Files\Microsoft SQL Server\130\Tools\Binn;C:\Program Files\Microsoft SQL Server\Client SDK\ODBC\170\Tools\Binn;C:\Program Files\Git\cmd;C:\Users\pilar.montes\AppData\Local\Microsoft\WindowsApps;C:\Program Files (x86)\Sophos\Sophos SSL VPN Client\bin;C:\Users\pilar.montes\.dotnet\tools;C:\Users\pilar.montes\AppData\Local\GitHubDesktop\bin;C:\Program Files\maven\apache-maven-3.8.1\bin;C:\Program Files\Java\jdk-14.0.1\bin;C:\Program Files\Git\usr\bin\vendor_perl;C:\Program Files\Git\usr\bin\core_perl;."/>
    <property name="java.vm.info" value="mixed mode, sharing"/>
    <property name="java.vendor" value="Oracle Corporation"/>
    <property name="java.vm.version" value="14.0.1+7"/>
    <property name="sun.io.unicode.encoding" value="UnicodeLittle"/>
    <property name="java.class.version" value="58.0"/>
  </properties>
  <testcase name="shouldAnswerWithTrue on shouldAnswerWithTrue(com.globant.AppTest)" classname="com.globant.AppTest" time="0.002"/>
</testsuite>