<?xml version="1.0" encoding="UTF-8"?>
<!-- Generated by org.testng.reporters.JUnitReportReporter -->
<testsuite hostname="CO-IT00534" failures="0" tests="1" name="com.globant.AppTest" time="0.018" errors="0" timestamp="2021-04-10T13:26:30 COT" skipped="0">
  <testcase classname="com.globant.AppTest" name="shouldAnswerWithTrue" time="0.018"/>
  <system-out/>
</testsuite> <!-- com.globant.AppTest -->
